<?xml version="1.0" encoding="UTF-8"?>
<!-- Generated by org.testng.reporters.JUnitReportReporter -->
<testsuite hostname="DESKTOP-281OCTQ" failures="0" tests="4" name="com.packages.testcases.SingleProduct" time="12.933" errors="0" timestamp="2024-06-08T23:35:44 IST" skipped="0">
  <testcase classname="com.packages.testcases.SingleProduct" name="searchFromGoogle" time="4.575"/>
  <testcase classname="com.packages.testcases.SingleProduct" name="homePage" time="1.381"/>
  <testcase classname="com.packages.testcases.SingleProduct" name="checkoutPage" time="6.177"/>
  <testcase classname="com.packages.testcases.SingleProduct" name="selectCountry" time="0.800"/>
</testsuite> <!-- com.packages.testcases.SingleProduct -->
