<?xml version="1.0" encoding="UTF-8"?>
<!-- Generated by org.testng.reporters.JUnitReportReporter -->
<testsuite hostname="DESKTOP-281OCTQ" failures="0" tests="4" name="testcases.SingleProduct" time="13.379" errors="0" timestamp="2024-10-21T12:23:12 IST" skipped="0">
  <testcase classname="testcases.SingleProduct" name="searchFromGoogle" time="5.405"/>
  <system-out/>
  <testcase classname="testcases.SingleProduct" name="homePage" time="1.218"/>
  <system-out/>
  <testcase classname="testcases.SingleProduct" name="checkoutPage" time="6.043"/>
  <system-out/>
  <testcase classname="testcases.SingleProduct" name="selectCountry" time="0.713"/>
  <system-out/>
</testsuite> <!-- testcases.SingleProduct -->
