<?xml version="1.0" encoding="UTF-8"?>
<!-- Generated by org.testng.reporters.JUnitReportReporter -->
<testsuite hostname="DESKTOP-281OCTQ" failures="0" tests="4" name="testcases.SingleProduct_MultipleQuantity" time="15.260" errors="0" timestamp="2024-10-21T12:01:42 IST" skipped="0">
  <testcase classname="testcases.SingleProduct_MultipleQuantity" name="searchFromGoogle" time="4.742"/>
  <system-out/>
  <testcase classname="testcases.SingleProduct_MultipleQuantity" name="homePage" time="4.451"/>
  <system-out/>
  <testcase classname="testcases.SingleProduct_MultipleQuantity" name="checkoutPage" time="5.459"/>
  <system-out/>
  <testcase classname="testcases.SingleProduct_MultipleQuantity" name="selectCountry" time="0.608"/>
  <system-out/>
</testsuite> <!-- testcases.SingleProduct_MultipleQuantity -->
