<?xml version="1.0" encoding="UTF-8"?>
<!-- Generated by org.testng.reporters.JUnitReportReporter -->
<testsuite hostname="DESKTOP-281OCTQ" failures="0" tests="4" name="testcases.MultiProduct" time="21.593" errors="0" timestamp="2024-10-21T12:05:59 IST" skipped="0">
  <testcase classname="testcases.MultiProduct" name="searchFromGoogle" time="5.225"/>
  <system-out/>
  <testcase classname="testcases.MultiProduct" name="homePage" time="9.819"/>
  <system-out/>
  <testcase classname="testcases.MultiProduct" name="checkoutPage" time="6.050"/>
  <system-out/>
  <testcase classname="testcases.MultiProduct" name="selectCountry" time="0.499"/>
  <system-out/>
</testsuite> <!-- testcases.MultiProduct -->
