<?xml version="1.0" encoding="UTF-8"?>
<!-- Generated by org.testng.reporters.JUnitReportReporter -->
<testsuite hostname="DESKTOP-281OCTQ" failures="0" tests="4" name="com.packages.testcases.Ecommerce_SingleProduct" time="10.553" errors="0" timestamp="2024-06-08T16:01:40 IST" skipped="0">
  <testcase classname="com.packages.testcases.Ecommerce_SingleProduct" name="searchFromGoogle" time="3.023"/>
  <testcase classname="com.packages.testcases.Ecommerce_SingleProduct" name="homePage" time="0.923"/>
  <testcase classname="com.packages.testcases.Ecommerce_SingleProduct" name="checkoutPage" time="6.151"/>
  <testcase classname="com.packages.testcases.Ecommerce_SingleProduct" name="selectCountry" time="0.456"/>
</testsuite> <!-- com.packages.testcases.Ecommerce_SingleProduct -->
