<?xml version="1.0" encoding="UTF-8"?>
<!-- Generated by org.testng.reporters.JUnitReportReporter -->
<testsuite hostname="DESKTOP-281OCTQ" failures="0" tests="4" name="com.packages.testcases.SingleProduct_MultipleQuantity" time="11.125" errors="0" timestamp="2024-06-08T16:49:17 IST" skipped="0">
  <testcase classname="com.packages.testcases.SingleProduct_MultipleQuantity" name="searchFromGoogle" time="3.261"/>
  <testcase classname="com.packages.testcases.SingleProduct_MultipleQuantity" name="homePage" time="1.181"/>
  <testcase classname="com.packages.testcases.SingleProduct_MultipleQuantity" name="checkoutPage" time="6.242"/>
  <testcase classname="com.packages.testcases.SingleProduct_MultipleQuantity" name="selectCountry" time="0.441"/>
</testsuite> <!-- com.packages.testcases.SingleProduct_MultipleQuantity -->
