<?xml version="1.0" encoding="UTF-8"?>
<!-- Generated by org.testng.reporters.JUnitReportReporter -->
<testsuite hostname="DESKTOP-281OCTQ" failures="0" tests="2" name="com.packages.testcases.MultiProduct" time="15.545" errors="0" timestamp="2024-06-22T08:38:22 IST" skipped="0">
  <testcase classname="com.packages.testcases.MultiProduct" name="searchFromGoogle" time="4.499"/>
  <testcase classname="com.packages.testcases.MultiProduct" name="homePage" time="11.046"/>
</testsuite> <!-- com.packages.testcases.MultiProduct -->
